<?xml version="1.0" encoding="UTF-8"?>
<!-- Generated by org.testng.reporters.JUnitReportReporter -->
<testsuite hostname="DESKTOP-A90F7ST" failures="0" tests="1" name="Hello" time="0.020" errors="0" timestamp="2024-03-02T14:30:45 IST" skipped="0">
  <testcase classname="Hello" name="mainMethod" time="0.020"/>
</testsuite> <!-- Hello -->
